..\CSharpInvokeCPP.CSharpDemo\bin\Debug\CSharpInvokeCPP.CPPDemo.ilk
..\CSharpInvokeCPP.CSharpDemo\bin\Debug\CSharpInvokeCPP.CPPDemo.pdb
F:\学习资料\我的资料库\CSharpInvokeCPP\CSharpInvokeCPP.CPPDemo\..\CSharpInvokeCPP.CSharpDemo\bin\Debug\CSharpInvokeCPP.CPPDemo.dll
F:\学习资料\我的资料库\CSharpInvokeCPP\CSharpInvokeCPP.CPPDemo\Debug\cl.command.1.tlog
F:\学习资料\我的资料库\CSharpInvokeCPP\CSharpInvokeCPP.CPPDemo\Debug\CL.read.1.tlog
F:\学习资料\我的资料库\CSharpInvokeCPP\CSharpInvokeCPP.CPPDemo\Debug\CL.write.1.tlog
F:\学习资料\我的资料库\CSHARPINVOKECPP\CSHARPINVOKECPP.CPPDEMO\DEBUG\CSHARPINVOKECPP.CPPDEMO.DLL.EMBED.MANIFEST
F:\学习资料\我的资料库\CSHARPINVOKECPP\CSHARPINVOKECPP.CPPDEMO\DEBUG\CSHARPINVOKECPP.CPPDEMO.DLL.EMBED.MANIFEST.RES
F:\学习资料\我的资料库\CSHARPINVOKECPP\CSHARPINVOKECPP.CPPDEMO\DEBUG\CSHARPINVOKECPP.CPPDEMO.DLL.INTERMEDIATE.MANIFEST
F:\学习资料\我的资料库\CSHARPINVOKECPP\CSHARPINVOKECPP.CPPDEMO\DEBUG\CSHARPINVOKECPP.CPPDEMO.OBJ
F:\学习资料\我的资料库\CSHARPINVOKECPP\CSHARPINVOKECPP.CPPDEMO\DEBUG\CSHARPINVOKECPP.CPPDEMO.PCH
F:\学习资料\我的资料库\CSharpInvokeCPP\CSharpInvokeCPP.CPPDemo\Debug\CSharpInvokeCPP.CPPDemo.write.1.tlog
F:\学习资料\我的资料库\CSharpInvokeCPP\CSharpInvokeCPP.CPPDemo\Debug\CSharpInvokeCPP.CPPDemo_manifest.rc
F:\学习资料\我的资料库\CSHARPINVOKECPP\CSHARPINVOKECPP.CPPDEMO\DEBUG\DLLMAIN.OBJ
F:\学习资料\我的资料库\CSharpInvokeCPP\CSharpInvokeCPP.CPPDemo\Debug\link.command.1.tlog
F:\学习资料\我的资料库\CSharpInvokeCPP\CSharpInvokeCPP.CPPDemo\Debug\link.read.1.tlog
F:\学习资料\我的资料库\CSharpInvokeCPP\CSharpInvokeCPP.CPPDemo\Debug\link.write.1.tlog
F:\学习资料\我的资料库\CSharpInvokeCPP\CSharpInvokeCPP.CPPDemo\Debug\link-cvtres.read.1.tlog
F:\学习资料\我的资料库\CSharpInvokeCPP\CSharpInvokeCPP.CPPDemo\Debug\link-cvtres.write.1.tlog
F:\学习资料\我的资料库\CSharpInvokeCPP\CSharpInvokeCPP.CPPDemo\Debug\mt.command.1.tlog
F:\学习资料\我的资料库\CSharpInvokeCPP\CSharpInvokeCPP.CPPDemo\Debug\mt.read.1.tlog
F:\学习资料\我的资料库\CSharpInvokeCPP\CSharpInvokeCPP.CPPDemo\Debug\mt.write.1.tlog
F:\学习资料\我的资料库\CSharpInvokeCPP\CSharpInvokeCPP.CPPDemo\Debug\rc.command.1.tlog
F:\学习资料\我的资料库\CSharpInvokeCPP\CSharpInvokeCPP.CPPDemo\Debug\rc.read.1.tlog
F:\学习资料\我的资料库\CSharpInvokeCPP\CSharpInvokeCPP.CPPDemo\Debug\rc.write.1.tlog
F:\学习资料\我的资料库\CSHARPINVOKECPP\CSHARPINVOKECPP.CPPDEMO\DEBUG\STDAFX.OBJ
F:\学习资料\我的资料库\CSharpInvokeCPP\CSharpInvokeCPP.CPPDemo\Debug\vc100.idb
F:\学习资料\我的资料库\CSHARPINVOKECPP\CSHARPINVOKECPP.CPPDEMO\DEBUG\VC100.PDB
F:\学习资料\我的资料库\CSHARPINVOKECPP\CSHARPINVOKECPP.CSHARPDEMO\BIN\DEBUG\CSHARPINVOKECPP.CPPDEMO.DLL
F:\学习资料\我的资料库\CSharpInvokeCPP\CSharpInvokeCPP.CSharpDemo\bin\Debug\CSharpInvokeCPP.CPPDemo.exp
F:\学习资料\我的资料库\CSHARPINVOKECPP\CSHARPINVOKECPP.CSHARPDEMO\BIN\DEBUG\CSHARPINVOKECPP.CPPDEMO.ILK
F:\学习资料\我的资料库\CSharpInvokeCPP\CSharpInvokeCPP.CSharpDemo\bin\Debug\CSharpInvokeCPP.CPPDemo.lib
F:\学习资料\我的资料库\CSHARPINVOKECPP\CSHARPINVOKECPP.CSHARPDEMO\BIN\DEBUG\CSHARPINVOKECPP.CPPDEMO.PDB
