生成启动时间为 2011/3/31 0:33:03。
     1>项目“F:\学习资料\我的资料库\CSharpInvokeCPP\CSharpInvokeCPP.CPPDemo\CSharpInvokeCPP.CPPDemo.vcxproj”在节点 2 上(rebuild 个目标)。
     1>_PrepareForClean:
         正在删除文件“Debug\CSharpInvokeCPP.CPPDemo.lastbuildstate”。
       InitializeBuildStatus:
         正在创建“Debug\CSharpInvokeCPP.CPPDemo.unsuccessfulbuild”，因为已指定“AlwaysCreate”。
       ClCompile:
         D:\Program Files\Microsoft Visual Studio 10.0\VC\bin\CL.exe /c /ZI /nologo /W3 /WX- /Od /Oy- /D WIN32 /D _DEBUG /D _WINDOWS /D _USRDLL /D CSHARPINVOKECPPCPPDEMO_EXPORTS /D _WINDLL /D _UNICODE /D UNICODE /Gm /EHsc /RTC1 /MDd /GS /fp:precise /Zc:wchar_t /Zc:forScope /Yc"StdAfx.h" /Fp"Debug\CSharpInvokeCPP.CPPDemo.pch" /Fo"Debug\\" /Fd"Debug\vc100.pdb" /Gd /TP /analyze- /errorReport:prompt stdafx.cpp
         stdafx.cpp
         D:\Program Files\Microsoft Visual Studio 10.0\VC\bin\CL.exe /c /ZI /nologo /W3 /WX- /Od /Oy- /D WIN32 /D _DEBUG /D _WINDOWS /D _USRDLL /D CSHARPINVOKECPPCPPDEMO_EXPORTS /D _WINDLL /D _UNICODE /D UNICODE /Gm /EHsc /RTC1 /MDd /GS /fp:precise /Zc:wchar_t /Zc:forScope /Yu"StdAfx.h" /Fp"Debug\CSharpInvokeCPP.CPPDemo.pch" /Fo"Debug\\" /Fd"Debug\vc100.pdb" /Gd /TP /analyze- /errorReport:prompt CSharpInvokeCPP.CPPDemo.cpp
         CSharpInvokeCPP.CPPDemo.cpp
     1>f:\学习资料\我的资料库\csharpinvokecpp\csharpinvokecpp.cppdemo\csharpinvokecpp.cppdemo.cpp(37): warning C4996: 'strcpy': This function or variable may be unsafe. Consider using strcpy_s instead. To disable deprecation, use _CRT_SECURE_NO_WARNINGS. See online help for details.
                 d:\program files\microsoft visual studio 10.0\vc\include\string.h(105) : 参见“strcpy”的声明
         D:\Program Files\Microsoft Visual Studio 10.0\VC\bin\CL.exe /c /ZI /nologo /W3 /WX- /Od /Oy- /D WIN32 /D _DEBUG /D _WINDOWS /D _USRDLL /D CSHARPINVOKECPPCPPDEMO_EXPORTS /D _WINDLL /D _UNICODE /D UNICODE /Gm /EHsc /RTC1 /MDd /GS /fp:precise /Zc:wchar_t /Zc:forScope /Fo"Debug\\" /Fd"Debug\vc100.pdb" /Gd /TP /analyze- /errorReport:prompt dllmain.cpp
         dllmain.cpp
       ManifestResourceCompile:
         C:\Program Files\Microsoft SDKs\Windows\v7.0A\bin\rc.exe /nologo /fo"Debug\CSharpInvokeCPP.CPPDemo.dll.embed.manifest.res" Debug\CSharpInvokeCPP.CPPDemo_manifest.rc 
       Link:
         D:\Program Files\Microsoft Visual Studio 10.0\VC\bin\link.exe /ERRORREPORT:PROMPT /OUT:"..\CSharpInvokeCPP.CSharpDemo\bin\Debug\CSharpInvokeCPP.CPPDemo.dll" /INCREMENTAL /NOLOGO kernel32.lib user32.lib gdi32.lib winspool.lib comdlg32.lib advapi32.lib shell32.lib ole32.lib oleaut32.lib uuid.lib odbc32.lib odbccp32.lib /MANIFEST /ManifestFile:"Debug\CSharpInvokeCPP.CPPDemo.dll.intermediate.manifest" /MANIFESTUAC:"level='asInvoker' uiAccess='false'" /DEBUG /PDB:"F:\学习资料\我的资料库\CSharpInvokeCPP\CSharpInvokeCPP.CSharpDemo\bin\Debug\CSharpInvokeCPP.CPPDemo.pdb" /SUBSYSTEM:WINDOWS /TLBID:1 /DYNAMICBASE /NXCOMPAT /IMPLIB:"..\CSharpInvokeCPP.CSharpDemo\bin\Debug\CSharpInvokeCPP.CPPDemo.lib" /MACHINE:X86 /DLL Debug\CSharpInvokeCPP.CPPDemo.dll.embed.manifest.res
         Debug\CSharpInvokeCPP.CPPDemo.obj
         Debug\dllmain.obj
         Debug\stdafx.obj
            正在创建库 ..\CSharpInvokeCPP.CSharpDemo\bin\Debug\CSharpInvokeCPP.CPPDemo.lib 和对象 ..\CSharpInvokeCPP.CSharpDemo\bin\Debug\CSharpInvokeCPP.CPPDemo.exp
       Manifest:
         正在删除文件“Debug\CSharpInvokeCPP.CPPDemo.dll.embed.manifest”。
         C:\Program Files\Microsoft SDKs\Windows\v7.0A\bin\mt.exe /nologo /verbose /out:"Debug\CSharpInvokeCPP.CPPDemo.dll.embed.manifest" /manifest Debug\CSharpInvokeCPP.CPPDemo.dll.intermediate.manifest
         C:\Program Files\Microsoft SDKs\Windows\v7.0A\bin\rc.exe /nologo /fo"Debug\CSharpInvokeCPP.CPPDemo.dll.embed.manifest.res" Debug\CSharpInvokeCPP.CPPDemo_manifest.rc 
       LinkEmbedManifest:
         D:\Program Files\Microsoft Visual Studio 10.0\VC\bin\link.exe /ERRORREPORT:PROMPT /OUT:"..\CSharpInvokeCPP.CSharpDemo\bin\Debug\CSharpInvokeCPP.CPPDemo.dll" /INCREMENTAL /NOLOGO kernel32.lib user32.lib gdi32.lib winspool.lib comdlg32.lib advapi32.lib shell32.lib ole32.lib oleaut32.lib uuid.lib odbc32.lib odbccp32.lib /MANIFEST /ManifestFile:"Debug\CSharpInvokeCPP.CPPDemo.dll.intermediate.manifest" /MANIFESTUAC:"level='asInvoker' uiAccess='false'" /DEBUG /PDB:"F:\学习资料\我的资料库\CSharpInvokeCPP\CSharpInvokeCPP.CSharpDemo\bin\Debug\CSharpInvokeCPP.CPPDemo.pdb" /SUBSYSTEM:WINDOWS /TLBID:1 /DYNAMICBASE /NXCOMPAT /IMPLIB:"..\CSharpInvokeCPP.CSharpDemo\bin\Debug\CSharpInvokeCPP.CPPDemo.lib" /MACHINE:X86 /DLL Debug\CSharpInvokeCPP.CPPDemo.dll.embed.manifest.res
         Debug\CSharpInvokeCPP.CPPDemo.obj
         Debug\dllmain.obj
         Debug\stdafx.obj
            正在创建库 ..\CSharpInvokeCPP.CSharpDemo\bin\Debug\CSharpInvokeCPP.CPPDemo.lib 和对象 ..\CSharpInvokeCPP.CSharpDemo\bin\Debug\CSharpInvokeCPP.CPPDemo.exp
         CSharpInvokeCPP.CPPDemo.vcxproj -> F:\学习资料\我的资料库\CSharpInvokeCPP\CSharpInvokeCPP.CPPDemo\..\CSharpInvokeCPP.CSharpDemo\bin\Debug\CSharpInvokeCPP.CPPDemo.dll
       FinalizeBuildStatus:
         正在删除文件“Debug\CSharpInvokeCPP.CPPDemo.unsuccessfulbuild”。
         正在对“Debug\CSharpInvokeCPP.CPPDemo.lastbuildstate”执行 Touch 任务。
     1>已完成生成项目“F:\学习资料\我的资料库\CSharpInvokeCPP\CSharpInvokeCPP.CPPDemo\CSharpInvokeCPP.CPPDemo.vcxproj”(rebuild 个目标)的操作。

生成成功。

已用时间 00:00:13.18
